<?xml version="1.0" encoding="UTF-8"?>
<testng-results ignored="0" total="2" passed="1" failed="1" skipped="0">
  <reporter-output>
    <line>
      <![CDATA[Successfully logged on with AWS_MOCK]]>
    </line>
  </reporter-output>
  <suite started-at="2020-08-26T20:42:31 IST" name="Default suite" finished-at="2020-08-26T20:44:27 IST" duration-ms="115239">
    <groups>
    </groups>
    <test started-at="2020-08-26T20:42:31 IST" name="Default test" finished-at="2020-08-26T20:44:27 IST" duration-ms="115239">
      <class name="MyTelstraApp">
        <test-method is-config="true" signature="setup()[pri:0, instance:MyTelstraApp@96def03]" started-at="2020-08-26T20:42:32 IST" name="setup" finished-at="2020-08-26T20:42:59 IST" duration-ms="27187" status="PASS">
          <reporter-output>
          </reporter-output>
        </test-method> <!-- setup -->
        <test-method signature="awsmockLogin()[pri:0, instance:MyTelstraApp@96def03]" started-at="2020-08-26T20:42:59 IST" name="awsmockLogin" finished-at="2020-08-26T20:43:37 IST" duration-ms="37991" status="PASS">
          <reporter-output>
            <line>
              <![CDATA[Successfully logged on with AWS_MOCK]]>
            </line>
          </reporter-output>
        </test-method> <!-- awsmockLogin -->
        <test-method is-config="true" signature="teardown()[pri:0, instance:MyTelstraApp@96def03]" started-at="2020-08-26T20:43:37 IST" name="teardown" finished-at="2020-08-26T20:43:42 IST" duration-ms="4952" status="PASS">
          <reporter-output>
          </reporter-output>
        </test-method> <!-- teardown -->
        <test-method is-config="true" signature="setup()[pri:0, instance:MyTelstraApp@96def03]" started-at="2020-08-26T20:43:42 IST" name="setup" finished-at="2020-08-26T20:44:08 IST" duration-ms="25969" status="PASS">
          <reporter-output>
          </reporter-output>
        </test-method> <!-- setup -->
        <test-method signature="validateService()[pri:0, instance:MyTelstraApp@96def03]" started-at="2020-08-26T20:44:08 IST" name="validateService" finished-at="2020-08-26T20:44:23 IST" duration-ms="15255" status="FAIL">
          <exception class="org.openqa.selenium.NoSuchElementException">
            <message>
              <![CDATA[An element could not be located on the page using the given search parameters.
For documentation on this error, please visit: https://www.seleniumhq.org/exceptions/no_such_element.html
Build info: version: '3.141.59', revision: 'e82be7d358', time: '2018-11-14T08:17:03'
System info: host: 'D-313071756', ip: '169.254.68.215', os.name: 'Windows 10', os.arch: 'amd64', os.version: '10.0', java.version: '14.0.2'
Driver info: io.appium.java_client.android.AndroidDriver
Capabilities {app: C:\Users\sh20092315\Desktop..., appActivity: com.telstra.android.myt.mai..., appPackage: com.telstra.mobile.android...., databaseEnabled: false, desired: {app: C:\Users\sh20092315\Desktop..., appActivity: com.telstra.android.myt.mai..., appPackage: com.telstra.mobile.android...., deviceName: oneplus-gm1901, no: true, noReset: true, platformName: android, platformVersion: 9.0, skipUnlock: true, udid: c5720220}, deviceManufacturer: OnePlus, deviceModel: GM1901, deviceName: c5720220, deviceScreenSize: 1080x2340, deviceUDID: c5720220, javascriptEnabled: true, locationContextEnabled: false, networkConnectionEnabled: true, no: true, noReset: true, platform: LINUX, platformName: Android, platformVersion: 10, skipUnlock: true, takesScreenshot: true, udid: c5720220, warnings: {}, webStorageEnabled: false}
Session ID: 2241a15e-1ff3-43d2-9447-01396a56b022
*** Element info: {Using=xpath, value=//android.widget.FrameLayout[@resource-id='com.telstra.mobile.android.mytelstra.dev.debug:id/servicesDest']}]]>
            </message>
            <full-stacktrace>
              <![CDATA[org.openqa.selenium.NoSuchElementException: An element could not be located on the page using the given search parameters.
For documentation on this error, please visit: https://www.seleniumhq.org/exceptions/no_such_element.html
Build info: version: '3.141.59', revision: 'e82be7d358', time: '2018-11-14T08:17:03'
System info: host: 'D-313071756', ip: '169.254.68.215', os.name: 'Windows 10', os.arch: 'amd64', os.version: '10.0', java.version: '14.0.2'
Driver info: io.appium.java_client.android.AndroidDriver
Capabilities {app: C:\Users\sh20092315\Desktop..., appActivity: com.telstra.android.myt.mai..., appPackage: com.telstra.mobile.android...., databaseEnabled: false, desired: {app: C:\Users\sh20092315\Desktop..., appActivity: com.telstra.android.myt.mai..., appPackage: com.telstra.mobile.android...., deviceName: oneplus-gm1901, no: true, noReset: true, platformName: android, platformVersion: 9.0, skipUnlock: true, udid: c5720220}, deviceManufacturer: OnePlus, deviceModel: GM1901, deviceName: c5720220, deviceScreenSize: 1080x2340, deviceUDID: c5720220, javascriptEnabled: true, locationContextEnabled: false, networkConnectionEnabled: true, no: true, noReset: true, platform: LINUX, platformName: Android, platformVersion: 10, skipUnlock: true, takesScreenshot: true, udid: c5720220, warnings: {}, webStorageEnabled: false}
Session ID: 2241a15e-1ff3-43d2-9447-01396a56b022
*** Element info: {Using=xpath, value=//android.widget.FrameLayout[@resource-id='com.telstra.mobile.android.mytelstra.dev.debug:id/servicesDest']}
at java.base/jdk.internal.reflect.NativeConstructorAccessorImpl.newInstance0(Native Method)
at java.base/jdk.internal.reflect.NativeConstructorAccessorImpl.newInstance(NativeConstructorAccessorImpl.java:62)
at java.base/jdk.internal.reflect.DelegatingConstructorAccessorImpl.newInstance(DelegatingConstructorAccessorImpl.java:45)
at java.base/java.lang.reflect.Constructor.newInstanceWithCaller(Constructor.java:500)
at java.base/java.lang.reflect.Constructor.newInstance(Constructor.java:481)
at org.openqa.selenium.remote.http.W3CHttpResponseCodec.createException(W3CHttpResponseCodec.java:187)
at org.openqa.selenium.remote.http.W3CHttpResponseCodec.decode(W3CHttpResponseCodec.java:122)
at org.openqa.selenium.remote.http.W3CHttpResponseCodec.decode(W3CHttpResponseCodec.java:49)
at org.openqa.selenium.remote.HttpCommandExecutor.execute(HttpCommandExecutor.java:158)
at io.appium.java_client.remote.AppiumCommandExecutor.execute(AppiumCommandExecutor.java:239)
at org.openqa.selenium.remote.RemoteWebDriver.execute(RemoteWebDriver.java:552)
at io.appium.java_client.DefaultGenericMobileDriver.execute(DefaultGenericMobileDriver.java:42)
at io.appium.java_client.AppiumDriver.execute(AppiumDriver.java:1)
at io.appium.java_client.android.AndroidDriver.execute(AndroidDriver.java:1)
at org.openqa.selenium.remote.RemoteWebDriver.findElement(RemoteWebDriver.java:323)
at io.appium.java_client.DefaultGenericMobileDriver.findElement(DefaultGenericMobileDriver.java:62)
at io.appium.java_client.AppiumDriver.findElement(AppiumDriver.java:1)
at io.appium.java_client.android.AndroidDriver.findElement(AndroidDriver.java:1)
at org.openqa.selenium.remote.RemoteWebDriver.findElementByXPath(RemoteWebDriver.java:428)
at io.appium.java_client.DefaultGenericMobileDriver.findElementByXPath(DefaultGenericMobileDriver.java:152)
at io.appium.java_client.AppiumDriver.findElementByXPath(AppiumDriver.java:1)
at io.appium.java_client.android.AndroidDriver.findElementByXPath(AndroidDriver.java:1)
at org.openqa.selenium.By$ByXPath.findElement(By.java:353)
at org.openqa.selenium.remote.RemoteWebDriver.findElement(RemoteWebDriver.java:315)
at io.appium.java_client.DefaultGenericMobileDriver.findElement(DefaultGenericMobileDriver.java:58)
at io.appium.java_client.AppiumDriver.findElement(AppiumDriver.java:1)
at io.appium.java_client.android.AndroidDriver.findElement(AndroidDriver.java:1)
at MyTelstraApp.validateService(MyTelstraApp.java:181)
at java.base/jdk.internal.reflect.NativeMethodAccessorImpl.invoke0(Native Method)
at java.base/jdk.internal.reflect.NativeMethodAccessorImpl.invoke(NativeMethodAccessorImpl.java:62)
at java.base/jdk.internal.reflect.DelegatingMethodAccessorImpl.invoke(DelegatingMethodAccessorImpl.java:43)
at java.base/java.lang.reflect.Method.invoke(Method.java:564)
at org.testng.internal.MethodInvocationHelper.invokeMethod(MethodInvocationHelper.java:132)
at org.testng.internal.TestInvoker.invokeMethod(TestInvoker.java:599)
at org.testng.internal.TestInvoker.invokeTestMethod(TestInvoker.java:174)
at org.testng.internal.MethodRunner.runInSequence(MethodRunner.java:46)
at org.testng.internal.TestInvoker$MethodInvocationAgent.invoke(TestInvoker.java:822)
at org.testng.internal.TestInvoker.invokeTestMethods(TestInvoker.java:147)
at org.testng.internal.TestMethodWorker.invokeTestMethods(TestMethodWorker.java:146)
at org.testng.internal.TestMethodWorker.run(TestMethodWorker.java:128)
at java.base/java.util.ArrayList.forEach(ArrayList.java:1511)
at org.testng.TestRunner.privateRun(TestRunner.java:764)
at org.testng.TestRunner.run(TestRunner.java:585)
at org.testng.SuiteRunner.runTest(SuiteRunner.java:384)
at org.testng.SuiteRunner.runSequentially(SuiteRunner.java:378)
at org.testng.SuiteRunner.privateRun(SuiteRunner.java:337)
at org.testng.SuiteRunner.run(SuiteRunner.java:286)
at org.testng.SuiteRunnerWorker.runSuite(SuiteRunnerWorker.java:53)
at org.testng.SuiteRunnerWorker.run(SuiteRunnerWorker.java:96)
at org.testng.TestNG.runSuitesSequentially(TestNG.java:1218)
at org.testng.TestNG.runSuitesLocally(TestNG.java:1140)
at org.testng.TestNG.runSuites(TestNG.java:1069)
at org.testng.TestNG.run(TestNG.java:1037)
at org.testng.remote.AbstractRemoteTestNG.run(AbstractRemoteTestNG.java:115)
at org.testng.remote.RemoteTestNG.initAndRun(RemoteTestNG.java:251)
at org.testng.remote.RemoteTestNG.main(RemoteTestNG.java:77)
]]>
            </full-stacktrace>
          </exception> <!-- org.openqa.selenium.NoSuchElementException -->
          <reporter-output>
          </reporter-output>
        </test-method> <!-- validateService -->
        <test-method is-config="true" signature="teardown()[pri:0, instance:MyTelstraApp@96def03]" started-at="2020-08-26T20:44:23 IST" name="teardown" finished-at="2020-08-26T20:44:27 IST" duration-ms="3840" status="PASS">
          <reporter-output>
          </reporter-output>
        </test-method> <!-- teardown -->
      </class> <!-- MyTelstraApp -->
    </test> <!-- Default test -->
  </suite> <!-- Default suite -->
</testng-results>
